This is pdfTeX, Version 3.141592653-2.6-1.40.22 (TeX Live 2021) (preloaded format=pdflatex 2021.12.2)  20 DEC 2021 14:04
entering extended mode
 restricted \write18 enabled.
 %&-line parsing enabled.
**intro.tex
(./intro.tex
LaTeX2e <2020-10-01> patch level 4
L3 programming layer <2021-05-07>
(/usr/share/texlive/texmf-dist/tex/latex/base/article.cls
Document Class: article 2020/04/10 v1.4m Standard LaTeX document class
(/usr/share/texlive/texmf-dist/tex/latex/base/size10.clo
File: size10.clo 2020/04/10 v1.4m Standard LaTeX file (size option)
)
\c@part=\count179
\c@section=\count180
\c@subsection=\count181
\c@subsubsection=\count182
\c@paragraph=\count183
\c@subparagraph=\count184
\c@figure=\count185
\c@table=\count186
\abovecaptionskip=\skip47
\belowcaptionskip=\skip48
\bibindent=\dimen138
)
(/usr/share/texlive/texmf-dist/tex/latex/l3backend/l3backend-pdftex.def
File: l3backend-pdftex.def 2021-05-07 L3 backend support: PDF output (pdfTeX)
\l__color_backend_stack_int=\count187
\l__pdf_internal_box=\box47
)
(./intro.aux)
\openout1 = `intro.aux'.

LaTeX Font Info:    Checking defaults for OML/cmm/m/it on input line 3.
LaTeX Font Info:    ... okay on input line 3.
LaTeX Font Info:    Checking defaults for OMS/cmsy/m/n on input line 3.
LaTeX Font Info:    ... okay on input line 3.
LaTeX Font Info:    Checking defaults for OT1/cmr/m/n on input line 3.
LaTeX Font Info:    ... okay on input line 3.
LaTeX Font Info:    Checking defaults for T1/cmr/m/n on input line 3.
LaTeX Font Info:    ... okay on input line 3.
LaTeX Font Info:    Checking defaults for TS1/cmr/m/n on input line 3.
LaTeX Font Info:    ... okay on input line 3.
LaTeX Font Info:    Checking defaults for OMX/cmex/m/n on input line 3.
LaTeX Font Info:    ... okay on input line 3.
LaTeX Font Info:    Checking defaults for U/cmr/m/n on input line 3.
LaTeX Font Info:    ... okay on input line 3.
 [1

{/usr/share/texlive/texmf-var/fonts/map/pdftex/updmap/pdftex.map

pdfTeX warning: /usr/bin/pdflatex (file /usr/share/texlive/texmf-var/fonts/map/
pdftex/updmap/pdftex.map): invalid entry for `pcrr8rn': SlantFont/ExtendFont ca
n be used only with embedded Type1 fonts


pdfTeX warning: /usr/bin/pdflatex (file /usr/share/texlive/texmf-var/fonts/map/
pdftex/updmap/pdftex.map): fontmap entry for `rpxpplb' already exists, duplicat
es ignored


pdfTeX warning: /usr/bin/pdflatex (file /usr/share/texlive/texmf-var/fonts/map/
pdftex/updmap/pdftex.map): fontmap entry for `rpxpplbi' already exists, duplica
tes ignored


pdfTeX warning: /usr/bin/pdflatex (file /usr/share/texlive/texmf-var/fonts/map/
pdftex/updmap/pdftex.map): fontmap entry for `rpxpplbo' already exists, duplica
tes ignored


pdfTeX warning: /usr/bin/pdflatex (file /usr/share/texlive/texmf-var/fonts/map/
pdftex/updmap/pdftex.map): fontmap entry for `rpxpplr' already exists, duplicat
es ignored


pdfTeX warning: /usr/bin/pdflatex (file /usr/share/texlive/texmf-var/fonts/map/
pdftex/updmap/pdftex.map): fontmap entry for `rpxpplri' already exists, duplica
tes ignored


pdfTeX warning: /usr/bin/pdflatex (file /usr/share/texlive/texmf-var/fonts/map/
pdftex/updmap/pdftex.map): fontmap entry for `rpxpplro' already exists, duplica
tes ignored


pdfTeX warning: /usr/bin/pdflatex (file /usr/share/texlive/texmf-var/fonts/map/
pdftex/updmap/pdftex.map): fontmap entry for `rtxphvb' already exists, duplicat
es ignored


pdfTeX warning: /usr/bin/pdflatex (file /usr/share/texlive/texmf-var/fonts/map/
pdftex/updmap/pdftex.map): fontmap entry for `rtxphvbo' already exists, duplica
tes ignored


pdfTeX warning: /usr/bin/pdflatex (file /usr/share/texlive/texmf-var/fonts/map/
pdftex/updmap/pdftex.map): fontmap entry for `rtxphvr' already exists, duplicat
es ignored


pdfTeX warning: /usr/bin/pdflatex (file /usr/share/texlive/texmf-var/fonts/map/
pdftex/updmap/pdftex.map): fontmap entry for `rtxphvro' already exists, duplica
tes ignored


pdfTeX warning: /usr/bin/pdflatex (file /usr/share/texlive/texmf-var/fonts/map/
pdftex/updmap/pdftex.map): fontmap entry for `rtxptmb' already exists, duplicat
es ignored


pdfTeX warning: /usr/bin/pdflatex (file /usr/share/texlive/texmf-var/fonts/map/
pdftex/updmap/pdftex.map): fontmap entry for `rtxptmbi' already exists, duplica
tes ignored


pdfTeX warning: /usr/bin/pdflatex (file /usr/share/texlive/texmf-var/fonts/map/
pdftex/updmap/pdftex.map): fontmap entry for `rtxptmbo' already exists, duplica
tes ignored


pdfTeX warning: /usr/bin/pdflatex (file /usr/share/texlive/texmf-var/fonts/map/
pdftex/updmap/pdftex.map): fontmap entry for `rtxptmr' already exists, duplicat
es ignored


pdfTeX warning: /usr/bin/pdflatex (file /usr/share/texlive/texmf-var/fonts/map/
pdftex/updmap/pdftex.map): fontmap entry for `rtxptmri' already exists, duplica
tes ignored


pdfTeX warning: /usr/bin/pdflatex (file /usr/share/texlive/texmf-var/fonts/map/
pdftex/updmap/pdftex.map): fontmap entry for `rtxptmro' already exists, duplica
tes ignored
}] (./intro.aux) ) 
Here is how much of TeX's memory you used:
 384 strings out of 480806
 6870 string characters out of 5905151
 288360 words of memory out of 6000000
 17847 multiletter control sequences out of 15000+600000
 403430 words of font info for 27 fonts, out of 8000000 for 9000
 14 hyphenation exceptions out of 8191
 34i,4n,38p,134b,100s stack positions out of 5000i,500n,10000p,200000b,80000s
</usr/share/texlive/texmf-dist/fonts/type1/public/amsfonts/cm
/cmr10.pfb>
Output written on intro.pdf (1 page, 15273 bytes).
PDF statistics:
 12 PDF objects out of 1000 (max. 8388607)
 7 compressed objects within 1 object stream
 0 named destinations out of 1000 (max. 500000)
 1 words of extra memory for PDF output out of 10000 (max. 10000000)

